<?xml version="1.0" encoding="UTF-8"?>
<!-- Generated by org.testng.reporters.JUnitReportReporter -->
<testsuite hostname="adac16ba35d8" failures="0" tests="2" name="com.searchmodule.tests.seachPageTest" time="6.096" errors="0" timestamp="2023-05-24T12:34:18 GMT" skipped="0">
  <testcase classname="com.searchmodule.tests.seachPageTest" name="doSearch" time="3.165"/>
  <system-out/>
  <testcase classname="com.searchmodule.tests.seachPageTest" name="doSearch" time="2.931"/>
  <system-out/>
</testsuite> <!-- com.searchmodule.tests.seachPageTest -->
